<?xml version="1.0" encoding="UTF-8"?>
<TestRun id="d991e47c-dacf-4335-b8a5-6d09a259e43b" name="Maverick@ZVER 2013-03-17 10:07:00" runUser="ZVER\Maverick" xmlns="http://microsoft.com/schemas/VisualStudio/TeamTest/2010">
  <TestSettings name="Параметры тестирования по умолчанию" id="34de71aa-c47e-4f41-af9d-f447509e52a6">
    <Execution>
      <TestTypeSpecific />
      <AgentRule name="Execution Agents">
      </AgentRule>
    </Execution>
    <Deployment runDeploymentRoot="Maverick_ZVER 2013-03-17 10_07_00" />
  </TestSettings>
  <Times creation="2013-03-17T10:07:00.9328955+07:00" queuing="2013-03-17T10:07:01.1627072+07:00" start="2013-03-17T10:07:01.2247483+07:00" finish="2013-03-17T10:07:01.5083035+07:00" />
  <ResultSummary outcome="Failed">
    <Counters total="5" executed="5" passed="4" error="0" failed="1" timeout="0" aborted="0" inconclusive="0" passedButRunAborted="0" notRunnable="0" notExecuted="0" disconnected="0" warning="0" completed="0" inProgress="0" pending="0" />
  </ResultSummary>
  <TestDefinitions>
    <UnitTest name="TestCaesarDecrypt" storage="d:\учеба\магистратура\2семестр\инфбзпзииэвм\encrypt\myfirsttest\bin\release\myfirsttest.dll" id="ad17cc18-c559-4e9b-4092-ab23991aca01">
      <Execution id="4d3428bf-1b03-4dbc-9651-ef5fa6ba822b" />
      <TestMethod codeBase="D:/Учеба/Магистратура/2семестр/ИнфБзпЗИиЭВМ/Encrypt/MyFirstTest/bin/Release/MyFirstTest.DLL" adapterTypeName="Microsoft.VisualStudio.TestTools.TestTypes.Unit.UnitTestAdapter, Microsoft.VisualStudio.QualityTools.Tips.UnitTest.Adapter, Version=11.0.0.0, Culture=neutral, PublicKeyToken=b03f5f7f11d50a3a" className="MyFirstTest.UnitTest, MyFirstTest, Version=1.0.0.0, Culture=neutral, PublicKeyToken=null" name="TestCaesarDecrypt" />
    </UnitTest>
    <UnitTest name="TestCaesarEncryptError" storage="d:\учеба\магистратура\2семестр\инфбзпзииэвм\encrypt\myfirsttest\bin\release\myfirsttest.dll" id="969d287e-d2bc-1f5d-5c02-46671c87a1e0">
      <Execution id="359a8447-8c15-4b09-a8c3-9c7bea65a185" />
      <TestMethod codeBase="D:/Учеба/Магистратура/2семестр/ИнфБзпЗИиЭВМ/Encrypt/MyFirstTest/bin/Release/MyFirstTest.DLL" adapterTypeName="Microsoft.VisualStudio.TestTools.TestTypes.Unit.UnitTestAdapter, Microsoft.VisualStudio.QualityTools.Tips.UnitTest.Adapter, Version=11.0.0.0, Culture=neutral, PublicKeyToken=b03f5f7f11d50a3a" className="MyFirstTest.UnitTest, MyFirstTest, Version=1.0.0.0, Culture=neutral, PublicKeyToken=null" name="TestCaesarEncryptError" />
    </UnitTest>
    <UnitTest name="TestCaesarShiftError" storage="d:\учеба\магистратура\2семестр\инфбзпзииэвм\encrypt\myfirsttest\bin\release\myfirsttest.dll" id="abe0c41d-7c50-80ac-d9a1-4a809ba81051">
      <Execution id="9e338951-4720-47c2-a6f9-1ad8481d7b5b" />
      <TestMethod codeBase="D:/Учеба/Магистратура/2семестр/ИнфБзпЗИиЭВМ/Encrypt/MyFirstTest/bin/Release/MyFirstTest.DLL" adapterTypeName="Microsoft.VisualStudio.TestTools.TestTypes.Unit.UnitTestAdapter, Microsoft.VisualStudio.QualityTools.Tips.UnitTest.Adapter, Version=11.0.0.0, Culture=neutral, PublicKeyToken=b03f5f7f11d50a3a" className="MyFirstTest.UnitTest, MyFirstTest, Version=1.0.0.0, Culture=neutral, PublicKeyToken=null" name="TestCaesarShiftError" />
    </UnitTest>
    <UnitTest name="TestVijinerGetMatrixCharError" storage="d:\учеба\магистратура\2семестр\инфбзпзииэвм\encrypt\myfirsttest\bin\release\myfirsttest.dll" id="ac0d450f-24d6-49b2-64ed-10be1dbb0121">
      <Execution id="2e068ba9-58da-440f-9805-a73631f6bf91" />
      <TestMethod codeBase="D:/Учеба/Магистратура/2семестр/ИнфБзпЗИиЭВМ/Encrypt/MyFirstTest/bin/Release/MyFirstTest.DLL" adapterTypeName="Microsoft.VisualStudio.TestTools.TestTypes.Unit.UnitTestAdapter, Microsoft.VisualStudio.QualityTools.Tips.UnitTest.Adapter, Version=11.0.0.0, Culture=neutral, PublicKeyToken=b03f5f7f11d50a3a" className="MyFirstTest.UnitTest, MyFirstTest, Version=1.0.0.0, Culture=neutral, PublicKeyToken=null" name="TestVijinerGetMatrixCharError" />
    </UnitTest>
    <UnitTest name="TestCaesarEncrypt" storage="d:\учеба\магистратура\2семестр\инфбзпзииэвм\encrypt\myfirsttest\bin\release\myfirsttest.dll" id="91739421-f4ba-553a-e673-2d60c1537d24">
      <Execution id="888a6114-d131-4e23-8e59-6b31de2faf15" />
      <TestMethod codeBase="D:/Учеба/Магистратура/2семестр/ИнфБзпЗИиЭВМ/Encrypt/MyFirstTest/bin/Release/MyFirstTest.DLL" adapterTypeName="Microsoft.VisualStudio.TestTools.TestTypes.Unit.UnitTestAdapter, Microsoft.VisualStudio.QualityTools.Tips.UnitTest.Adapter, Version=11.0.0.0, Culture=neutral, PublicKeyToken=b03f5f7f11d50a3a" className="MyFirstTest.UnitTest, MyFirstTest, Version=1.0.0.0, Culture=neutral, PublicKeyToken=null" name="TestCaesarEncrypt" />
    </UnitTest>
  </TestDefinitions>
  <TestLists>
    <TestList name="Отсутствующие в списке результаты" id="8c84fa94-04c1-424b-9868-57a2d4851a1d" />
    <TestList name="Все загруженные результаты" id="19431567-8539-422a-85d7-44ee4e166bda" />
  </TestLists>
  <TestEntries>
    <TestEntry testId="ad17cc18-c559-4e9b-4092-ab23991aca01" executionId="4d3428bf-1b03-4dbc-9651-ef5fa6ba822b" testListId="8c84fa94-04c1-424b-9868-57a2d4851a1d" />
    <TestEntry testId="91739421-f4ba-553a-e673-2d60c1537d24" executionId="888a6114-d131-4e23-8e59-6b31de2faf15" testListId="8c84fa94-04c1-424b-9868-57a2d4851a1d" />
    <TestEntry testId="969d287e-d2bc-1f5d-5c02-46671c87a1e0" executionId="359a8447-8c15-4b09-a8c3-9c7bea65a185" testListId="8c84fa94-04c1-424b-9868-57a2d4851a1d" />
    <TestEntry testId="abe0c41d-7c50-80ac-d9a1-4a809ba81051" executionId="9e338951-4720-47c2-a6f9-1ad8481d7b5b" testListId="8c84fa94-04c1-424b-9868-57a2d4851a1d" />
    <TestEntry testId="ac0d450f-24d6-49b2-64ed-10be1dbb0121" executionId="2e068ba9-58da-440f-9805-a73631f6bf91" testListId="8c84fa94-04c1-424b-9868-57a2d4851a1d" />
  </TestEntries>
  <Results>
    <UnitTestResult executionId="4d3428bf-1b03-4dbc-9651-ef5fa6ba822b" testId="ad17cc18-c559-4e9b-4092-ab23991aca01" testName="TestCaesarDecrypt" computerName="ZVER" duration="00:00:00.0638166" startTime="2013-03-17T10:07:01.2478512+07:00" endTime="2013-03-17T10:07:01.4539061+07:00" testType="13cdc9d9-ddb5-4fa4-a97d-d965ccfc6d4b" outcome="Failed" testListId="8c84fa94-04c1-424b-9868-57a2d4851a1d" relativeResultsDirectory="4d3428bf-1b03-4dbc-9651-ef5fa6ba822b">
      <Output>
        <ErrorInfo>
          <Message>Ошибка в Assert.AreEqual. Ожидается: &lt;bbbb&gt;. Фактически: &lt;bbcc&gt;. Не верны данные</Message>
          <StackTrace>   в MyFirstTest.UnitTest.TestCaesarDecrypt() в d:\Учеба\Магистратура\2семестр\ИнфБзпЗИиЭВМ\Encrypt\MyFirstTest\UnitTest.cs:строка 41
</StackTrace>
        </ErrorInfo>
      </Output>
    </UnitTestResult>
    <UnitTestResult executionId="888a6114-d131-4e23-8e59-6b31de2faf15" testId="91739421-f4ba-553a-e673-2d60c1537d24" testName="TestCaesarEncrypt" computerName="ZVER" duration="00:00:00.0001860" startTime="2013-03-17T10:07:01.4559078+07:00" endTime="2013-03-17T10:07:01.4579088+07:00" testType="13cdc9d9-ddb5-4fa4-a97d-d965ccfc6d4b" outcome="Passed" testListId="8c84fa94-04c1-424b-9868-57a2d4851a1d" relativeResultsDirectory="888a6114-d131-4e23-8e59-6b31de2faf15">
    </UnitTestResult>
    <UnitTestResult executionId="359a8447-8c15-4b09-a8c3-9c7bea65a185" testId="969d287e-d2bc-1f5d-5c02-46671c87a1e0" testName="TestCaesarEncryptError" computerName="ZVER" duration="00:00:00.0004426" startTime="2013-03-17T10:07:01.4589099+07:00" endTime="2013-03-17T10:07:01.4609106+07:00" testType="13cdc9d9-ddb5-4fa4-a97d-d965ccfc6d4b" outcome="Passed" testListId="8c84fa94-04c1-424b-9868-57a2d4851a1d" relativeResultsDirectory="359a8447-8c15-4b09-a8c3-9c7bea65a185">
    </UnitTestResult>
    <UnitTestResult executionId="9e338951-4720-47c2-a6f9-1ad8481d7b5b" testId="abe0c41d-7c50-80ac-d9a1-4a809ba81051" testName="TestCaesarShiftError" computerName="ZVER" duration="00:00:00.0103920" startTime="2013-03-17T10:07:01.4629116+07:00" endTime="2013-03-17T10:07:01.4748967+07:00" testType="13cdc9d9-ddb5-4fa4-a97d-d965ccfc6d4b" outcome="Passed" testListId="8c84fa94-04c1-424b-9868-57a2d4851a1d" relativeResultsDirectory="9e338951-4720-47c2-a6f9-1ad8481d7b5b">
    </UnitTestResult>
    <UnitTestResult executionId="2e068ba9-58da-440f-9805-a73631f6bf91" testId="ac0d450f-24d6-49b2-64ed-10be1dbb0121" testName="TestVijinerGetMatrixCharError" computerName="ZVER" duration="00:00:00.0007058" startTime="2013-03-17T10:07:01.4765054+07:00" endTime="2013-03-17T10:07:01.4785087+07:00" testType="13cdc9d9-ddb5-4fa4-a97d-d965ccfc6d4b" outcome="Passed" testListId="8c84fa94-04c1-424b-9868-57a2d4851a1d" relativeResultsDirectory="2e068ba9-58da-440f-9805-a73631f6bf91">
    </UnitTestResult>
  </Results>
</TestRun>