<?xml version="1.0" encoding="UTF-8"?>
<TestRun id="75b9a666-8bf7-43ca-84fd-ddd9002ca30a" name="Maverick@ZVER 2013-03-17 10:15:43" runUser="ZVER\Maverick" xmlns="http://microsoft.com/schemas/VisualStudio/TeamTest/2010">
  <TestSettings name="Параметры тестирования по умолчанию" id="dc41fcef-523c-4960-b8ef-0e2c7dd42519">
    <Execution>
      <TestTypeSpecific />
      <AgentRule name="Execution Agents">
      </AgentRule>
    </Execution>
    <Deployment runDeploymentRoot="Maverick_ZVER 2013-03-17 10_15_43" />
  </TestSettings>
  <Times creation="2013-03-17T10:15:43.3051712+07:00" queuing="2013-03-17T10:15:43.5355308+07:00" start="2013-03-17T10:15:43.5985718+07:00" finish="2013-03-17T10:15:43.8430102+07:00" />
  <ResultSummary outcome="Completed">
    <Counters total="5" executed="5" passed="5" error="0" failed="0" timeout="0" aborted="0" inconclusive="0" passedButRunAborted="0" notRunnable="0" notExecuted="0" disconnected="0" warning="0" completed="0" inProgress="0" pending="0" />
  </ResultSummary>
  <TestDefinitions>
    <UnitTest name="TestCaesarDecrypt" storage="d:\учеба\магистратура\2семестр\инфбзпзииэвм\encrypt\myfirsttest\bin\release\myfirsttest.dll" id="ad17cc18-c559-4e9b-4092-ab23991aca01">
      <Execution id="c63ebcc4-fb5c-40bd-974f-6afcd1e81acf" />
      <TestMethod codeBase="D:/Учеба/Магистратура/2семестр/ИнфБзпЗИиЭВМ/Encrypt/MyFirstTest/bin/Release/MyFirstTest.DLL" adapterTypeName="Microsoft.VisualStudio.TestTools.TestTypes.Unit.UnitTestAdapter, Microsoft.VisualStudio.QualityTools.Tips.UnitTest.Adapter, Version=11.0.0.0, Culture=neutral, PublicKeyToken=b03f5f7f11d50a3a" className="MyFirstTest.UnitTest, MyFirstTest, Version=1.0.0.0, Culture=neutral, PublicKeyToken=null" name="TestCaesarDecrypt" />
    </UnitTest>
    <UnitTest name="TestCaesarEncryptError" storage="d:\учеба\магистратура\2семестр\инфбзпзииэвм\encrypt\myfirsttest\bin\release\myfirsttest.dll" id="969d287e-d2bc-1f5d-5c02-46671c87a1e0">
      <Execution id="f38b0cdf-442f-4db7-80c8-e3136c8a0a31" />
      <TestMethod codeBase="D:/Учеба/Магистратура/2семестр/ИнфБзпЗИиЭВМ/Encrypt/MyFirstTest/bin/Release/MyFirstTest.DLL" adapterTypeName="Microsoft.VisualStudio.TestTools.TestTypes.Unit.UnitTestAdapter, Microsoft.VisualStudio.QualityTools.Tips.UnitTest.Adapter, Version=11.0.0.0, Culture=neutral, PublicKeyToken=b03f5f7f11d50a3a" className="MyFirstTest.UnitTest, MyFirstTest, Version=1.0.0.0, Culture=neutral, PublicKeyToken=null" name="TestCaesarEncryptError" />
    </UnitTest>
    <UnitTest name="TestCaesarShiftError" storage="d:\учеба\магистратура\2семестр\инфбзпзииэвм\encrypt\myfirsttest\bin\release\myfirsttest.dll" id="abe0c41d-7c50-80ac-d9a1-4a809ba81051">
      <Execution id="a498bb68-7ab6-466b-9a30-cca010452d15" />
      <TestMethod codeBase="D:/Учеба/Магистратура/2семестр/ИнфБзпЗИиЭВМ/Encrypt/MyFirstTest/bin/Release/MyFirstTest.DLL" adapterTypeName="Microsoft.VisualStudio.TestTools.TestTypes.Unit.UnitTestAdapter, Microsoft.VisualStudio.QualityTools.Tips.UnitTest.Adapter, Version=11.0.0.0, Culture=neutral, PublicKeyToken=b03f5f7f11d50a3a" className="MyFirstTest.UnitTest, MyFirstTest, Version=1.0.0.0, Culture=neutral, PublicKeyToken=null" name="TestCaesarShiftError" />
    </UnitTest>
    <UnitTest name="TestVijinerGetMatrixCharError" storage="d:\учеба\магистратура\2семестр\инфбзпзииэвм\encrypt\myfirsttest\bin\release\myfirsttest.dll" id="ac0d450f-24d6-49b2-64ed-10be1dbb0121">
      <Execution id="926360fd-a503-4663-99cb-67451600c132" />
      <TestMethod codeBase="D:/Учеба/Магистратура/2семестр/ИнфБзпЗИиЭВМ/Encrypt/MyFirstTest/bin/Release/MyFirstTest.DLL" adapterTypeName="Microsoft.VisualStudio.TestTools.TestTypes.Unit.UnitTestAdapter, Microsoft.VisualStudio.QualityTools.Tips.UnitTest.Adapter, Version=11.0.0.0, Culture=neutral, PublicKeyToken=b03f5f7f11d50a3a" className="MyFirstTest.UnitTest, MyFirstTest, Version=1.0.0.0, Culture=neutral, PublicKeyToken=null" name="TestVijinerGetMatrixCharError" />
    </UnitTest>
    <UnitTest name="TestCaesarEncrypt" storage="d:\учеба\магистратура\2семестр\инфбзпзииэвм\encrypt\myfirsttest\bin\release\myfirsttest.dll" id="91739421-f4ba-553a-e673-2d60c1537d24">
      <Execution id="a119bed7-fc41-4832-b652-f0cb9f8f4312" />
      <TestMethod codeBase="D:/Учеба/Магистратура/2семестр/ИнфБзпЗИиЭВМ/Encrypt/MyFirstTest/bin/Release/MyFirstTest.DLL" adapterTypeName="Microsoft.VisualStudio.TestTools.TestTypes.Unit.UnitTestAdapter, Microsoft.VisualStudio.QualityTools.Tips.UnitTest.Adapter, Version=11.0.0.0, Culture=neutral, PublicKeyToken=b03f5f7f11d50a3a" className="MyFirstTest.UnitTest, MyFirstTest, Version=1.0.0.0, Culture=neutral, PublicKeyToken=null" name="TestCaesarEncrypt" />
    </UnitTest>
  </TestDefinitions>
  <TestLists>
    <TestList name="Отсутствующие в списке результаты" id="8c84fa94-04c1-424b-9868-57a2d4851a1d" />
    <TestList name="Все загруженные результаты" id="19431567-8539-422a-85d7-44ee4e166bda" />
  </TestLists>
  <TestEntries>
    <TestEntry testId="ad17cc18-c559-4e9b-4092-ab23991aca01" executionId="c63ebcc4-fb5c-40bd-974f-6afcd1e81acf" testListId="8c84fa94-04c1-424b-9868-57a2d4851a1d" />
    <TestEntry testId="91739421-f4ba-553a-e673-2d60c1537d24" executionId="a119bed7-fc41-4832-b652-f0cb9f8f4312" testListId="8c84fa94-04c1-424b-9868-57a2d4851a1d" />
    <TestEntry testId="969d287e-d2bc-1f5d-5c02-46671c87a1e0" executionId="f38b0cdf-442f-4db7-80c8-e3136c8a0a31" testListId="8c84fa94-04c1-424b-9868-57a2d4851a1d" />
    <TestEntry testId="abe0c41d-7c50-80ac-d9a1-4a809ba81051" executionId="a498bb68-7ab6-466b-9a30-cca010452d15" testListId="8c84fa94-04c1-424b-9868-57a2d4851a1d" />
    <TestEntry testId="ac0d450f-24d6-49b2-64ed-10be1dbb0121" executionId="926360fd-a503-4663-99cb-67451600c132" testListId="8c84fa94-04c1-424b-9868-57a2d4851a1d" />
  </TestEntries>
  <Results>
    <UnitTestResult executionId="c63ebcc4-fb5c-40bd-974f-6afcd1e81acf" testId="ad17cc18-c559-4e9b-4092-ab23991aca01" testName="TestCaesarDecrypt" computerName="ZVER" duration="00:00:00.0195153" startTime="2013-03-17T10:15:43.6205874+07:00" endTime="2013-03-17T10:15:43.7856166+07:00" testType="13cdc9d9-ddb5-4fa4-a97d-d965ccfc6d4b" outcome="Passed" testListId="8c84fa94-04c1-424b-9868-57a2d4851a1d" relativeResultsDirectory="c63ebcc4-fb5c-40bd-974f-6afcd1e81acf">
    </UnitTestResult>
    <UnitTestResult executionId="a119bed7-fc41-4832-b652-f0cb9f8f4312" testId="91739421-f4ba-553a-e673-2d60c1537d24" testName="TestCaesarEncrypt" computerName="ZVER" duration="00:00:00.0001397" startTime="2013-03-17T10:15:43.7876166+07:00" endTime="2013-03-17T10:15:43.7896176+07:00" testType="13cdc9d9-ddb5-4fa4-a97d-d965ccfc6d4b" outcome="Passed" testListId="8c84fa94-04c1-424b-9868-57a2d4851a1d" relativeResultsDirectory="a119bed7-fc41-4832-b652-f0cb9f8f4312">
    </UnitTestResult>
    <UnitTestResult executionId="f38b0cdf-442f-4db7-80c8-e3136c8a0a31" testId="969d287e-d2bc-1f5d-5c02-46671c87a1e0" testName="TestCaesarEncryptError" computerName="ZVER" duration="00:00:00.0045677" startTime="2013-03-17T10:15:43.7906185+07:00" endTime="2013-03-17T10:15:43.7966221+07:00" testType="13cdc9d9-ddb5-4fa4-a97d-d965ccfc6d4b" outcome="Passed" testListId="8c84fa94-04c1-424b-9868-57a2d4851a1d" relativeResultsDirectory="f38b0cdf-442f-4db7-80c8-e3136c8a0a31">
    </UnitTestResult>
    <UnitTestResult executionId="a498bb68-7ab6-466b-9a30-cca010452d15" testId="abe0c41d-7c50-80ac-d9a1-4a809ba81051" testName="TestCaesarShiftError" computerName="ZVER" duration="00:00:00.0100807" startTime="2013-03-17T10:15:43.7986235+07:00" endTime="2013-03-17T10:15:43.8100126+07:00" testType="13cdc9d9-ddb5-4fa4-a97d-d965ccfc6d4b" outcome="Passed" testListId="8c84fa94-04c1-424b-9868-57a2d4851a1d" relativeResultsDirectory="a498bb68-7ab6-466b-9a30-cca010452d15">
    </UnitTestResult>
    <UnitTestResult executionId="926360fd-a503-4663-99cb-67451600c132" testId="ac0d450f-24d6-49b2-64ed-10be1dbb0121" testName="TestVijinerGetMatrixCharError" computerName="ZVER" duration="00:00:00.0006773" startTime="2013-03-17T10:15:43.8120209+07:00" endTime="2013-03-17T10:15:43.8140160+07:00" testType="13cdc9d9-ddb5-4fa4-a97d-d965ccfc6d4b" outcome="Passed" testListId="8c84fa94-04c1-424b-9868-57a2d4851a1d" relativeResultsDirectory="926360fd-a503-4663-99cb-67451600c132">
    </UnitTestResult>
  </Results>
</TestRun>